<?xml version="1.0" encoding="UTF-8"?>
<testng-results ignored="0" total="1" passed="1" failed="0" skipped="0">
  <reporter-output>
  </reporter-output>
  <suite started-at="2023-03-31T20:25:45 IST" name="Default suite" finished-at="2023-03-31T20:25:56 IST" duration-ms="11083">
    <groups>
      <group name="cucumber">
        <method signature="AbstractTestNGCucumberTests.runScenario(io.cucumber.testng.PickleWrapper,io.cucumber.testng.FeatureWrapper)[pri:0, instance:testrunnerrework.TestRunnerReworkClass@3c19aaa5]" name="runScenario" class="io.cucumber.testng.AbstractTestNGCucumberTests"/>
      </group> <!-- cucumber -->
    </groups>
    <test started-at="2023-03-31T20:25:45 IST" name="Default test" finished-at="2023-03-31T20:25:56 IST" duration-ms="11083">
      <class name="testrunnerrework.TestRunnerReworkClass">
        <test-method is-config="true" signature="setUpClass(org.testng.ITestContext)[pri:0, instance:testrunnerrework.TestRunnerReworkClass@3c19aaa5]" started-at="2023-03-31T20:25:45 IST" name="setUpClass" finished-at="2023-03-31T20:25:46 IST" duration-ms="207" status="PASS">
          <params>
            <param index="0">
              <value>
                <![CDATA[org.testng.TestRunner@20576557]]>
              </value>
            </param>
          </params>
          <reporter-output>
          </reporter-output>
        </test-method> <!-- setUpClass -->
        <test-method signature="runScenario(io.cucumber.testng.PickleWrapper,io.cucumber.testng.FeatureWrapper)[pri:0, instance:testrunnerrework.TestRunnerReworkClass@3c19aaa5]" started-at="2023-03-31T20:25:46 IST" name="runScenario" description="Runs Cucumber Scenarios" data-provider="scenarios" finished-at="2023-03-31T20:25:56 IST" duration-ms="10826" status="PASS">
          <params>
            <param index="0">
              <value>
                <![CDATA["testing orangehrm functionality with valid data"]]>
              </value>
            </param>
            <param index="1">
              <value>
                <![CDATA["Optional[Test orangehrm]"]]>
              </value>
            </param>
          </params>
          <reporter-output>
          </reporter-output>
        </test-method> <!-- runScenario -->
        <test-method is-config="true" signature="tearDownClass()[pri:0, instance:testrunnerrework.TestRunnerReworkClass@3c19aaa5]" started-at="2023-03-31T20:25:56 IST" name="tearDownClass" finished-at="2023-03-31T20:25:56 IST" duration-ms="11" status="PASS">
          <reporter-output>
          </reporter-output>
        </test-method> <!-- tearDownClass -->
      </class> <!-- testrunnerrework.TestRunnerReworkClass -->
    </test> <!-- Default test -->
  </suite> <!-- Default suite -->
</testng-results>
